[INFO ] 2019-06-23 23:59:34 [main] o.s.c.s.PostProcessorRegistrationDelegate$BeanPostProcessorChecker [{PostProcessorRegistrationDelegate.java} {330}] - Bean 'org.springframework.cloud.autoconfigure.ConfigurationPropertiesRebinderAutoConfiguration' of type [org.springframework.cloud.autoconfigure.ConfigurationPropertiesRebinderAutoConfiguration$$EnhancerBySpringCGLIB$$b3e9c150] is not eligible for getting processed by all BeanPostProcessors (for example: not eligible for auto-proxying)
[INFO ] 2019-06-23 23:59:34 [main] org.yugh.eureka.DddEurekaApplication [{SpringApplication.java} {675}] - No active profile set, falling back to default profiles: default
[INFO ] 2019-06-23 23:59:34 [main] o.s.cloud.context.scope.GenericScope [{GenericScope.java} {295}] - BeanFactory id=6970684b-79b9-308d-ba45-03d6361c77ca
[INFO ] 2019-06-23 23:59:34 [main] o.s.c.s.PostProcessorRegistrationDelegate$BeanPostProcessorChecker [{PostProcessorRegistrationDelegate.java} {330}] - Bean 'org.springframework.cloud.autoconfigure.ConfigurationPropertiesRebinderAutoConfiguration' of type [org.springframework.cloud.autoconfigure.ConfigurationPropertiesRebinderAutoConfiguration$$EnhancerBySpringCGLIB$$b3e9c150] is not eligible for getting processed by all BeanPostProcessors (for example: not eligible for auto-proxying)
[INFO ] 2019-06-23 23:59:34 [main] o.s.b.w.e.tomcat.TomcatWebServer [{TomcatWebServer.java} {90}] - Tomcat initialized with port(s): 8010 (http)
[INFO ] 2019-06-23 23:59:34 [main] o.a.coyote.http11.Http11NioProtocol [{DirectJDKLog.java} {173}] - Initializing ProtocolHandler ["http-nio-8010"]
[INFO ] 2019-06-23 23:59:34 [main] o.a.catalina.core.StandardService [{DirectJDKLog.java} {173}] - Starting service [Tomcat]
[INFO ] 2019-06-23 23:59:34 [main] o.a.catalina.core.StandardEngine [{DirectJDKLog.java} {173}] - Starting Servlet engine: [Apache Tomcat/9.0.19]
[INFO ] 2019-06-23 23:59:34 [main] o.a.c.c.C.[Tomcat].[localhost].[/] [{DirectJDKLog.java} {173}] - Initializing Spring embedded WebApplicationContext
[INFO ] 2019-06-23 23:59:34 [main] o.s.web.context.ContextLoader [{ServletWebServerApplicationContext.java} {296}] - Root WebApplicationContext: initialization completed in 1171 ms
[INFO ] 2019-06-23 23:59:34 [main] c.n.c.sources.URLConfigurationSource [{URLConfigurationSource.java} {122}] - To enable URLs as dynamic configuration sources, define System property archaius.configurationSource.additionalUrls or make config.properties available on classpath.
[INFO ] 2019-06-23 23:59:34 [main] c.n.config.DynamicPropertyFactory [{DynamicPropertyFactory.java} {281}] - DynamicPropertyFactory is initialized with configuration sources: com.netflix.config.ConcurrentCompositeConfiguration@b52b755
[INFO ] 2019-06-23 23:59:34 [main] c.s.j.s.i.a.WebApplicationImpl [{WebApplicationImpl.java} {815}] - Initiating Jersey application, version 'Jersey: 1.19.1 03/11/2016 02:08 PM'
[INFO ] 2019-06-23 23:59:34 [main] c.n.d.p.DiscoveryJerseyProvider [{DiscoveryJerseyProvider.java} {70}] - Using JSON encoding codec LegacyJacksonJson
[INFO ] 2019-06-23 23:59:34 [main] c.n.d.p.DiscoveryJerseyProvider [{DiscoveryJerseyProvider.java} {71}] - Using JSON decoding codec LegacyJacksonJson
[INFO ] 2019-06-23 23:59:34 [main] c.n.d.p.DiscoveryJerseyProvider [{DiscoveryJerseyProvider.java} {80}] - Using XML encoding codec XStreamXml
[INFO ] 2019-06-23 23:59:34 [main] c.n.d.p.DiscoveryJerseyProvider [{DiscoveryJerseyProvider.java} {81}] - Using XML decoding codec XStreamXml
[INFO ] 2019-06-23 23:59:34 [main] c.n.c.sources.URLConfigurationSource [{URLConfigurationSource.java} {122}] - To enable URLs as dynamic configuration sources, define System property archaius.configurationSource.additionalUrls or make config.properties available on classpath.
[INFO ] 2019-06-23 23:59:34 [main] o.s.s.c.ThreadPoolTaskExecutor [{ExecutorConfigurationSupport.java} {171}] - Initializing ExecutorService 'applicationTaskExecutor'
[INFO ] 2019-06-23 23:59:34 [main] o.s.c.n.eureka.InstanceInfoFactory [{InstanceInfoFactory.java} {72}] - Setting initial instance status as: STARTING
[INFO ] 2019-06-23 23:59:34 [main] c.netflix.discovery.DiscoveryClient [{DiscoveryClient.java} {349}] - Initializing Eureka in region us-east-1
[INFO ] 2019-06-23 23:59:34 [main] c.netflix.discovery.DiscoveryClient [{DiscoveryClient.java} {352}] - Client configured to neither register nor query for data.
[INFO ] 2019-06-23 23:59:34 [main] c.netflix.discovery.DiscoveryClient [{DiscoveryClient.java} {365}] - Discovery Client initialized at timestamp 1561305577723 with initial instances count: 0
[INFO ] 2019-06-23 23:59:34 [main] c.n.e.DefaultEurekaServerContext [{DefaultEurekaServerContext.java} {63}] - Initializing ...
[INFO ] 2019-06-23 23:59:34 [main] c.n.eureka.cluster.PeerEurekaNodes [{PeerEurekaNodes.java} {188}] - Adding new peer nodes [http://localhost:8010/eureka/]
[INFO ] 2019-06-23 23:59:34 [main] c.n.d.p.DiscoveryJerseyProvider [{DiscoveryJerseyProvider.java} {70}] - Using JSON encoding codec LegacyJacksonJson
[INFO ] 2019-06-23 23:59:34 [main] c.n.d.p.DiscoveryJerseyProvider [{DiscoveryJerseyProvider.java} {71}] - Using JSON decoding codec LegacyJacksonJson
[INFO ] 2019-06-23 23:59:34 [main] c.n.d.p.DiscoveryJerseyProvider [{DiscoveryJerseyProvider.java} {80}] - Using XML encoding codec XStreamXml
[INFO ] 2019-06-23 23:59:34 [main] c.n.d.p.DiscoveryJerseyProvider [{DiscoveryJerseyProvider.java} {81}] - Using XML decoding codec XStreamXml
[INFO ] 2019-06-23 23:59:34 [main] c.n.eureka.cluster.PeerEurekaNodes [{PeerEurekaNodes.java} {110}] - Replica node URL:  http://localhost:8010/eureka/
[INFO ] 2019-06-23 23:59:34 [main] c.n.e.r.AbstractInstanceRegistry [{AbstractInstanceRegistry.java} {151}] - Finished initializing remote region registries. All known remote regions: []
[INFO ] 2019-06-23 23:59:34 [main] c.n.e.DefaultEurekaServerContext [{DefaultEurekaServerContext.java} {70}] - Initialized
[INFO ] 2019-06-23 23:59:34 [main] o.s.b.a.e.web.EndpointLinksResolver [{EndpointLinksResolver.java} {59}] - Exposing 2 endpoint(s) beneath base path '/actuator'
[INFO ] 2019-06-23 23:59:34 [main] o.s.c.n.e.s.EurekaServiceRegistry [{EurekaServiceRegistry.java} {41}] - Registering application DDD-EUREKA with eureka with status UP
[INFO ] 2019-06-23 23:59:34 [Thread-20] o.s.c.n.e.s.EurekaServerBootstrap [{EurekaServerBootstrap.java} {110}] - Setting the eureka configuration..
[INFO ] 2019-06-23 23:59:34 [Thread-20] o.s.c.n.e.s.EurekaServerBootstrap [{EurekaServerBootstrap.java} {115}] - Eureka data center value eureka.datacenter is not set, defaulting to default
[INFO ] 2019-06-23 23:59:34 [Thread-20] o.s.c.n.e.s.EurekaServerBootstrap [{EurekaServerBootstrap.java} {129}] - Eureka environment value eureka.environment is not set, defaulting to test
[INFO ] 2019-06-23 23:59:34 [Thread-20] o.s.c.n.e.s.EurekaServerBootstrap [{EurekaServerBootstrap.java} {188}] - isAws returned false
[INFO ] 2019-06-23 23:59:34 [Thread-20] o.s.c.n.e.s.EurekaServerBootstrap [{EurekaServerBootstrap.java} {153}] - Initialized server context
[INFO ] 2019-06-23 23:59:34 [Thread-20] c.n.e.r.PeerAwareInstanceRegistryImpl [{PeerAwareInstanceRegistryImpl.java} {241}] - Got 1 instances from neighboring DS node
[INFO ] 2019-06-23 23:59:34 [Thread-20] c.n.e.r.PeerAwareInstanceRegistryImpl [{PeerAwareInstanceRegistryImpl.java} {242}] - Renew threshold is: 1
[INFO ] 2019-06-23 23:59:34 [Thread-20] c.n.e.r.PeerAwareInstanceRegistryImpl [{PeerAwareInstanceRegistryImpl.java} {253}] - Changing status to UP
[INFO ] 2019-06-23 23:59:34 [main] o.a.coyote.http11.Http11NioProtocol [{DirectJDKLog.java} {173}] - Starting ProtocolHandler ["http-nio-8010"]
[INFO ] 2019-06-23 23:59:34 [Thread-20] o.s.c.n.e.s.EurekaServerInitializerConfiguration [{EurekaServerInitializerConfiguration.java} {74}] - Started Eureka Server
[INFO ] 2019-06-23 23:59:34 [main] o.s.b.w.e.tomcat.TomcatWebServer [{TomcatWebServer.java} {204}] - Tomcat started on port(s): 8010 (http) with context path ''
[INFO ] 2019-06-23 23:59:34 [main] o.s.c.n.e.s.EurekaAutoServiceRegistration [{EurekaAutoServiceRegistration.java} {143}] - Updating port to 8010
[INFO ] 2019-06-23 23:59:34 [main] org.yugh.eureka.DddEurekaApplication [{StartupInfoLogger.java} {59}] - Started DddEurekaApplication in 4.452 seconds (JVM running for 5.312)
[INFO ] 2019-06-23 23:59:34 [RMI TCP Connection(2)-192.168.0.102] o.a.c.c.C.[Tomcat].[localhost].[/] [{DirectJDKLog.java} {173}] - Initializing Spring DispatcherServlet 'dispatcherServlet'
[INFO ] 2019-06-23 23:59:34 [RMI TCP Connection(2)-192.168.0.102] o.s.web.servlet.DispatcherServlet [{FrameworkServlet.java} {524}] - Initializing Servlet 'dispatcherServlet'
[INFO ] 2019-06-23 23:59:34 [RMI TCP Connection(2)-192.168.0.102] o.s.web.servlet.DispatcherServlet [{FrameworkServlet.java} {546}] - Completed initialization in 7 ms
