[INFO ] 2019-06-24 00:00:11 [main] o.s.c.s.PostProcessorRegistrationDelegate$BeanPostProcessorChecker [{PostProcessorRegistrationDelegate.java} {330}] - Bean 'org.springframework.cloud.autoconfigure.ConfigurationPropertiesRebinderAutoConfiguration' of type [org.springframework.cloud.autoconfigure.ConfigurationPropertiesRebinderAutoConfiguration$$EnhancerBySpringCGLIB$$8a33be65] is not eligible for getting processed by all BeanPostProcessors (for example: not eligible for auto-proxying)
[INFO ] 2019-06-24 00:00:11 [main] o.y.a.DddAuthClientApplication [{SpringApplication.java} {679}] - The following profiles are active: dev
[INFO ] 2019-06-24 00:00:11 [main] o.s.d.r.c.RepositoryConfigurationDelegate [{RepositoryConfigurationDelegate.java} {244}] - Multiple Spring Data modules found, entering strict repository configuration mode!
[INFO ] 2019-06-24 00:00:11 [main] o.s.d.r.c.RepositoryConfigurationDelegate [{RepositoryConfigurationDelegate.java} {126}] - Bootstrapping Spring Data repositories in DEFAULT mode.
[INFO ] 2019-06-24 00:00:11 [main] o.s.d.r.c.RepositoryConfigurationDelegate [{RepositoryConfigurationDelegate.java} {182}] - Finished Spring Data repository scanning in 102ms. Found 3 repository interfaces.
[INFO ] 2019-06-24 00:00:11 [main] o.s.d.r.c.RepositoryConfigurationDelegate [{RepositoryConfigurationDelegate.java} {244}] - Multiple Spring Data modules found, entering strict repository configuration mode!
[INFO ] 2019-06-24 00:00:11 [main] o.s.d.r.c.RepositoryConfigurationDelegate [{RepositoryConfigurationDelegate.java} {126}] - Bootstrapping Spring Data repositories in DEFAULT mode.
[INFO ] 2019-06-24 00:00:11 [main] o.s.d.r.c.RepositoryConfigurationExtensionSupport [{RepositoryConfigurationExtensionSupport.java} {363}] - Spring Data Redis - Could not safely identify store assignment for repository candidate interface org.yugh.authclient.repository.auth.RoleRepository.
[INFO ] 2019-06-24 00:00:11 [main] o.s.d.r.c.RepositoryConfigurationExtensionSupport [{RepositoryConfigurationExtensionSupport.java} {363}] - Spring Data Redis - Could not safely identify store assignment for repository candidate interface org.yugh.authclient.repository.auth.UserRepository.
[INFO ] 2019-06-24 00:00:11 [main] o.s.d.r.c.RepositoryConfigurationExtensionSupport [{RepositoryConfigurationExtensionSupport.java} {363}] - Spring Data Redis - Could not safely identify store assignment for repository candidate interface org.yugh.authclient.repository.auth.UserRoleRepository.
[INFO ] 2019-06-24 00:00:11 [main] o.s.d.r.c.RepositoryConfigurationDelegate [{RepositoryConfigurationDelegate.java} {182}] - Finished Spring Data repository scanning in 8ms. Found 0 repository interfaces.
[INFO ] 2019-06-24 00:00:11 [main] o.s.cloud.context.scope.GenericScope [{GenericScope.java} {295}] - BeanFactory id=34bc7725-5042-3572-8123-dc6d0fff3151
[INFO ] 2019-06-24 00:00:11 [main] o.s.c.s.PostProcessorRegistrationDelegate$BeanPostProcessorChecker [{PostProcessorRegistrationDelegate.java} {330}] - Bean 'org.springframework.transaction.annotation.ProxyTransactionManagementConfiguration' of type [org.springframework.transaction.annotation.ProxyTransactionManagementConfiguration$$EnhancerBySpringCGLIB$$6e19bb68] is not eligible for getting processed by all BeanPostProcessors (for example: not eligible for auto-proxying)
[INFO ] 2019-06-24 00:00:11 [main] o.s.c.s.PostProcessorRegistrationDelegate$BeanPostProcessorChecker [{PostProcessorRegistrationDelegate.java} {330}] - Bean 'org.springframework.security.config.annotation.configuration.ObjectPostProcessorConfiguration' of type [org.springframework.security.config.annotation.configuration.ObjectPostProcessorConfiguration$$EnhancerBySpringCGLIB$$6c783a2] is not eligible for getting processed by all BeanPostProcessors (for example: not eligible for auto-proxying)
[INFO ] 2019-06-24 00:00:11 [main] o.s.c.s.PostProcessorRegistrationDelegate$BeanPostProcessorChecker [{PostProcessorRegistrationDelegate.java} {330}] - Bean 'objectPostProcessor' of type [org.springframework.security.config.annotation.configuration.AutowireBeanFactoryObjectPostProcessor] is not eligible for getting processed by all BeanPostProcessors (for example: not eligible for auto-proxying)
[INFO ] 2019-06-24 00:00:11 [main] o.s.c.s.PostProcessorRegistrationDelegate$BeanPostProcessorChecker [{PostProcessorRegistrationDelegate.java} {330}] - Bean 'org.springframework.security.access.expression.method.DefaultMethodSecurityExpressionHandler@7f9e8421' of type [org.springframework.security.access.expression.method.DefaultMethodSecurityExpressionHandler] is not eligible for getting processed by all BeanPostProcessors (for example: not eligible for auto-proxying)
[INFO ] 2019-06-24 00:00:11 [main] o.s.c.s.PostProcessorRegistrationDelegate$BeanPostProcessorChecker [{PostProcessorRegistrationDelegate.java} {330}] - Bean 'org.springframework.security.config.annotation.method.configuration.GlobalMethodSecurityConfiguration' of type [org.springframework.security.config.annotation.method.configuration.GlobalMethodSecurityConfiguration$$EnhancerBySpringCGLIB$$2b9c2654] is not eligible for getting processed by all BeanPostProcessors (for example: not eligible for auto-proxying)
[INFO ] 2019-06-24 00:00:11 [main] o.s.c.s.PostProcessorRegistrationDelegate$BeanPostProcessorChecker [{PostProcessorRegistrationDelegate.java} {330}] - Bean 'methodSecurityMetadataSource' of type [org.springframework.security.access.method.DelegatingMethodSecurityMetadataSource] is not eligible for getting processed by all BeanPostProcessors (for example: not eligible for auto-proxying)
[INFO ] 2019-06-24 00:00:11 [main] o.s.c.s.PostProcessorRegistrationDelegate$BeanPostProcessorChecker [{PostProcessorRegistrationDelegate.java} {330}] - Bean 'org.springframework.cloud.autoconfigure.ConfigurationPropertiesRebinderAutoConfiguration' of type [org.springframework.cloud.autoconfigure.ConfigurationPropertiesRebinderAutoConfiguration$$EnhancerBySpringCGLIB$$8a33be65] is not eligible for getting processed by all BeanPostProcessors (for example: not eligible for auto-proxying)
[INFO ] 2019-06-24 00:00:11 [main] o.s.b.w.e.tomcat.TomcatWebServer [{TomcatWebServer.java} {90}] - Tomcat initialized with port(s): 8030 (http)
[INFO ] 2019-06-24 00:00:11 [main] o.a.coyote.http11.Http11NioProtocol [{DirectJDKLog.java} {173}] - Initializing ProtocolHandler ["http-nio-8030"]
[INFO ] 2019-06-24 00:00:11 [main] o.a.catalina.core.StandardService [{DirectJDKLog.java} {173}] - Starting service [Tomcat]
[INFO ] 2019-06-24 00:00:11 [main] o.a.catalina.core.StandardEngine [{DirectJDKLog.java} {173}] - Starting Servlet engine: [Apache Tomcat/9.0.19]
[INFO ] 2019-06-24 00:00:11 [main] o.a.c.c.C.[Tomcat].[localhost].[/] [{DirectJDKLog.java} {173}] - Initializing Spring embedded WebApplicationContext
[INFO ] 2019-06-24 00:00:11 [main] o.s.web.context.ContextLoader [{ServletWebServerApplicationContext.java} {296}] - Root WebApplicationContext: initialization completed in 1944 ms
[INFO ] 2019-06-24 00:00:11 [main] o.yugh.authclient.utils.RedisClient [{RedisClient.java} {32}] - =============> redis run ............
[INFO ] 2019-06-24 00:00:11 [main] com.zaxxer.hikari.HikariDataSource [{HikariDataSource.java} {110}] - HikariPool-1 - Starting...
[INFO ] 2019-06-24 00:00:11 [main] com.zaxxer.hikari.HikariDataSource [{HikariDataSource.java} {123}] - HikariPool-1 - Start completed.
[INFO ] 2019-06-24 00:00:11 [main] o.h.jpa.internal.util.LogHelper [{LogHelper.java} {31}] - HHH000204: Processing PersistenceUnitInfo [
	name: default
	...]
[INFO ] 2019-06-24 00:00:11 [main] org.hibernate.Version [{Version.java} {46}] - HHH000412: Hibernate Core {5.3.10.Final}
[INFO ] 2019-06-24 00:00:11 [main] org.hibernate.cfg.Environment [{Environment.java} {213}] - HHH000206: hibernate.properties not found
[INFO ] 2019-06-24 00:00:11 [main] o.h.annotations.common.Version [{JavaReflectionManager.java} {49}] - HCANN000001: Hibernate Commons Annotations {5.0.4.Final}
[INFO ] 2019-06-24 00:00:11 [main] org.hibernate.dialect.Dialect [{Dialect.java} {157}] - HHH000400: Using dialect: org.hibernate.dialect.MySQL5Dialect
[INFO ] 2019-06-24 00:00:11 [main] org.hibernate.tuple.PojoInstantiator [{PojoInstantiator.java} {47}] - HHH000182: No default (no-argument) constructor for class: org.yugh.authclient.entity.auth.UserRoleEntity (class must be instantiated by Interceptor)
[INFO ] 2019-06-24 00:00:11 [main] o.s.o.j.LocalContainerEntityManagerFactoryBean [{AbstractEntityManagerFactoryBean.java} {415}] - Initialized JPA EntityManagerFactory for persistence unit 'default'
[INFO ] 2019-06-24 00:00:11 [main] s.d.s.w.PropertySourcedRequestMappingHandlerMapping [{PropertySourcedRequestMappingHandlerMapping.java} {69}] - Mapped URL path [/v2/api-docs] onto method [public org.springframework.http.ResponseEntity<springfox.documentation.spring.web.json.Json> springfox.documentation.swagger2.web.Swagger2Controller.getDocumentation(java.lang.String,javax.servlet.http.HttpServletRequest)]
[INFO ] 2019-06-24 00:00:11 [main] o.y.authclient.config.SwaggerConfig [{SwaggerConfig.java} {35}] - =============> swagger2 config ............
[INFO ] 2019-06-24 00:00:11 [main] o.y.authclient.config.SwaggerConfig [{SwaggerConfig.java} {36}] - SpringCloudApplication start . 
-----------------------------------------config file name ==> [auth-client]
 
[INFO ] 2019-06-24 00:00:11 [main] o.s.s.web.DefaultSecurityFilterChain [{DefaultSecurityFilterChain.java} {43}] - Creating filter chain: Ant [pattern='swagger-ui.html'], []
[INFO ] 2019-06-24 00:00:11 [main] o.s.s.web.DefaultSecurityFilterChain [{DefaultSecurityFilterChain.java} {43}] - Creating filter chain: Ant [pattern='**/swagger-ui.html'], []
[INFO ] 2019-06-24 00:00:11 [main] o.s.s.web.DefaultSecurityFilterChain [{DefaultSecurityFilterChain.java} {43}] - Creating filter chain: Ant [pattern='/favicon.ico'], []
[INFO ] 2019-06-24 00:00:11 [main] o.s.s.web.DefaultSecurityFilterChain [{DefaultSecurityFilterChain.java} {43}] - Creating filter chain: Ant [pattern='/**/*.css'], []
[INFO ] 2019-06-24 00:00:11 [main] o.s.s.web.DefaultSecurityFilterChain [{DefaultSecurityFilterChain.java} {43}] - Creating filter chain: Ant [pattern='/**/*.js'], []
[INFO ] 2019-06-24 00:00:11 [main] o.s.s.web.DefaultSecurityFilterChain [{DefaultSecurityFilterChain.java} {43}] - Creating filter chain: Ant [pattern='/**/*.png'], []
[INFO ] 2019-06-24 00:00:11 [main] o.s.s.web.DefaultSecurityFilterChain [{DefaultSecurityFilterChain.java} {43}] - Creating filter chain: Ant [pattern='/**/*.gif'], []
[INFO ] 2019-06-24 00:00:11 [main] o.s.s.web.DefaultSecurityFilterChain [{DefaultSecurityFilterChain.java} {43}] - Creating filter chain: Ant [pattern='/swagger-resources/**'], []
[INFO ] 2019-06-24 00:00:11 [main] o.s.s.web.DefaultSecurityFilterChain [{DefaultSecurityFilterChain.java} {43}] - Creating filter chain: Ant [pattern='/v2/**'], []
[INFO ] 2019-06-24 00:00:11 [main] o.s.s.web.DefaultSecurityFilterChain [{DefaultSecurityFilterChain.java} {43}] - Creating filter chain: Ant [pattern='/**/*.ttf'], []
[INFO ] 2019-06-24 00:00:11 [main] o.s.s.web.DefaultSecurityFilterChain [{DefaultSecurityFilterChain.java} {43}] - Creating filter chain: Ant [pattern='/v2/api-docs'], []
[INFO ] 2019-06-24 00:00:11 [main] o.s.s.web.DefaultSecurityFilterChain [{DefaultSecurityFilterChain.java} {43}] - Creating filter chain: Ant [pattern='/swagger-resources/configuration/ui'], []
[INFO ] 2019-06-24 00:00:11 [main] o.s.s.web.DefaultSecurityFilterChain [{DefaultSecurityFilterChain.java} {43}] - Creating filter chain: Ant [pattern='/swagger-resources'], []
[INFO ] 2019-06-24 00:00:11 [main] o.s.s.web.DefaultSecurityFilterChain [{DefaultSecurityFilterChain.java} {43}] - Creating filter chain: Ant [pattern='/swagger-resources/configuration/security'], []
[INFO ] 2019-06-24 00:00:11 [main] o.s.s.web.DefaultSecurityFilterChain [{DefaultSecurityFilterChain.java} {43}] - Creating filter chain: Ant [pattern='/swagger-ui.html'], []
[INFO ] 2019-06-24 00:00:11 [main] o.s.s.web.DefaultSecurityFilterChain [{DefaultSecurityFilterChain.java} {43}] - Creating filter chain: any request, [org.springframework.security.web.context.request.async.WebAsyncManagerIntegrationFilter@1d3e5a05, org.springframework.security.web.context.SecurityContextPersistenceFilter@6f87a7c7, org.springframework.security.web.header.HeaderWriterFilter@3fd6dfbc, org.springframework.security.web.authentication.logout.LogoutFilter@53d15034, org.yugh.authclient.config.JwtAuthenticationTokenFilter$$EnhancerBySpringCGLIB$$53afc597@1e226bcd, org.springframework.security.web.savedrequest.RequestCacheAwareFilter@682fe17b, org.springframework.security.web.servletapi.SecurityContextHolderAwareRequestFilter@337c0ee4, org.springframework.security.web.authentication.AnonymousAuthenticationFilter@4f5c757c, org.springframework.security.web.session.SessionManagementFilter@43549c6c, org.springframework.security.web.access.ExceptionTranslationFilter@35c95869, org.springframework.security.web.access.intercept.FilterSecurityInterceptor@2ee1b017]
[INFO ] 2019-06-24 00:00:11 [main] c.n.c.sources.URLConfigurationSource [{URLConfigurationSource.java} {122}] - To enable URLs as dynamic configuration sources, define System property archaius.configurationSource.additionalUrls or make config.properties available on classpath.
[INFO ] 2019-06-24 00:00:11 [main] c.n.c.sources.URLConfigurationSource [{URLConfigurationSource.java} {122}] - To enable URLs as dynamic configuration sources, define System property archaius.configurationSource.additionalUrls or make config.properties available on classpath.
[INFO ] 2019-06-24 00:00:11 [main] o.s.s.c.ThreadPoolTaskExecutor [{ExecutorConfigurationSupport.java} {171}] - Initializing ExecutorService 'applicationTaskExecutor'
[INFO ] 2019-06-24 00:00:11 [main] o.s.s.c.ThreadPoolTaskScheduler [{ExecutorConfigurationSupport.java} {171}] - Initializing ExecutorService 'taskScheduler'
[INFO ] 2019-06-24 00:00:11 [main] o.s.c.n.eureka.InstanceInfoFactory [{InstanceInfoFactory.java} {72}] - Setting initial instance status as: STARTING
[INFO ] 2019-06-24 00:00:11 [main] c.netflix.discovery.DiscoveryClient [{DiscoveryClient.java} {349}] - Initializing Eureka in region us-east-1
[INFO ] 2019-06-24 00:00:11 [main] c.n.d.p.DiscoveryJerseyProvider [{DiscoveryJerseyProvider.java} {70}] - Using JSON encoding codec LegacyJacksonJson
[INFO ] 2019-06-24 00:00:11 [main] c.n.d.p.DiscoveryJerseyProvider [{DiscoveryJerseyProvider.java} {71}] - Using JSON decoding codec LegacyJacksonJson
[INFO ] 2019-06-24 00:00:11 [main] c.n.d.p.DiscoveryJerseyProvider [{DiscoveryJerseyProvider.java} {80}] - Using XML encoding codec XStreamXml
[INFO ] 2019-06-24 00:00:11 [main] c.n.d.p.DiscoveryJerseyProvider [{DiscoveryJerseyProvider.java} {81}] - Using XML decoding codec XStreamXml
[INFO ] 2019-06-24 00:00:11 [main] c.n.d.s.r.aws.ConfigClusterResolver [{ConfigClusterResolver.java} {43}] - Resolving eureka endpoints via configuration
[INFO ] 2019-06-24 00:00:11 [main] c.netflix.discovery.DiscoveryClient [{DiscoveryClient.java} {958}] - Disable delta property : false
[INFO ] 2019-06-24 00:00:11 [main] c.netflix.discovery.DiscoveryClient [{DiscoveryClient.java} {959}] - Single vip registry refresh property : null
[INFO ] 2019-06-24 00:00:11 [main] c.netflix.discovery.DiscoveryClient [{DiscoveryClient.java} {960}] - Force full registry fetch : false
[INFO ] 2019-06-24 00:00:11 [main] c.netflix.discovery.DiscoveryClient [{DiscoveryClient.java} {961}] - Application is null : false
[INFO ] 2019-06-24 00:00:11 [main] c.netflix.discovery.DiscoveryClient [{DiscoveryClient.java} {962}] - Registered Applications size is zero : true
[INFO ] 2019-06-24 00:00:11 [main] c.netflix.discovery.DiscoveryClient [{DiscoveryClient.java} {964}] - Application version is -1: true
[INFO ] 2019-06-24 00:00:11 [main] c.netflix.discovery.DiscoveryClient [{DiscoveryClient.java} {1047}] - Getting all instance registry info from the eureka server
[INFO ] 2019-06-24 00:00:11 [main] c.netflix.discovery.DiscoveryClient [{DiscoveryClient.java} {1056}] - The response status is 200
[INFO ] 2019-06-24 00:00:11 [main] c.netflix.discovery.DiscoveryClient [{DiscoveryClient.java} {1270}] - Starting heartbeat executor: renew interval is: 5
[INFO ] 2019-06-24 00:00:11 [main] c.n.discovery.InstanceInfoReplicator [{InstanceInfoReplicator.java} {60}] - InstanceInfoReplicator onDemand update allowed rate per min is 4
[INFO ] 2019-06-24 00:00:11 [main] c.netflix.discovery.DiscoveryClient [{DiscoveryClient.java} {449}] - Discovery Client initialized at timestamp 1561305618113 with initial instances count: 0
[INFO ] 2019-06-24 00:00:11 [main] o.s.c.n.e.s.EurekaServiceRegistry [{EurekaServiceRegistry.java} {41}] - Registering application AUTH-CLIENT with eureka with status UP
[INFO ] 2019-06-24 00:00:11 [main] c.netflix.discovery.DiscoveryClient [{DiscoveryClient.java} {1305}] - Saw local status change event StatusChangeEvent [timestamp=1561305618123, current=UP, previous=STARTING]
[INFO ] 2019-06-24 00:00:11 [DiscoveryClient-InstanceInfoReplicator-0] c.netflix.discovery.DiscoveryClient [{DiscoveryClient.java} {826}] - DiscoveryClient_AUTH-CLIENT/192.168.0.102:auth-client:8030: registering service...
[INFO ] 2019-06-24 00:00:11 [main] s.d.s.w.p.DocumentationPluginsBootstrapper [{DocumentationPluginsBootstrapper.java} {160}] - Context refreshed
[INFO ] 2019-06-24 00:00:11 [main] s.d.s.w.p.DocumentationPluginsBootstrapper [{DocumentationPluginsBootstrapper.java} {163}] - Found 1 custom documentation plugin(s)
[INFO ] 2019-06-24 00:00:11 [main] s.d.s.w.s.ApiListingReferenceScanner [{ApiListingReferenceScanner.java} {41}] - Scanning for api listing references
[INFO ] 2019-06-24 00:00:11 [DiscoveryClient-InstanceInfoReplicator-0] c.netflix.discovery.DiscoveryClient [{DiscoveryClient.java} {835}] - DiscoveryClient_AUTH-CLIENT/192.168.0.102:auth-client:8030 - registration status: 204
[INFO ] 2019-06-24 00:00:11 [main] o.a.coyote.http11.Http11NioProtocol [{DirectJDKLog.java} {173}] - Starting ProtocolHandler ["http-nio-8030"]
[INFO ] 2019-06-24 00:00:11 [main] o.s.b.w.e.tomcat.TomcatWebServer [{TomcatWebServer.java} {204}] - Tomcat started on port(s): 8030 (http) with context path ''
[INFO ] 2019-06-24 00:00:11 [main] o.s.c.n.e.s.EurekaAutoServiceRegistration [{EurekaAutoServiceRegistration.java} {143}] - Updating port to 8030
[INFO ] 2019-06-24 00:00:11 [main] o.y.a.DddAuthClientApplication [{StartupInfoLogger.java} {59}] - Started DddAuthClientApplication in 7.771 seconds (JVM running for 8.53)
[INFO ] 2019-06-24 00:00:11 [DiscoveryClient-CacheRefreshExecutor-0] c.netflix.discovery.DiscoveryClient [{DiscoveryClient.java} {958}] - Disable delta property : false
[INFO ] 2019-06-24 00:00:11 [DiscoveryClient-CacheRefreshExecutor-0] c.netflix.discovery.DiscoveryClient [{DiscoveryClient.java} {959}] - Single vip registry refresh property : null
[INFO ] 2019-06-24 00:00:11 [DiscoveryClient-CacheRefreshExecutor-0] c.netflix.discovery.DiscoveryClient [{DiscoveryClient.java} {960}] - Force full registry fetch : false
[INFO ] 2019-06-24 00:00:11 [DiscoveryClient-CacheRefreshExecutor-0] c.netflix.discovery.DiscoveryClient [{DiscoveryClient.java} {961}] - Application is null : false
[INFO ] 2019-06-24 00:00:11 [DiscoveryClient-CacheRefreshExecutor-0] c.netflix.discovery.DiscoveryClient [{DiscoveryClient.java} {962}] - Registered Applications size is zero : true
[INFO ] 2019-06-24 00:00:11 [DiscoveryClient-CacheRefreshExecutor-0] c.netflix.discovery.DiscoveryClient [{DiscoveryClient.java} {964}] - Application version is -1: false
[INFO ] 2019-06-24 00:00:11 [DiscoveryClient-CacheRefreshExecutor-0] c.netflix.discovery.DiscoveryClient [{DiscoveryClient.java} {1047}] - Getting all instance registry info from the eureka server
[INFO ] 2019-06-24 00:00:11 [DiscoveryClient-CacheRefreshExecutor-0] c.netflix.discovery.DiscoveryClient [{DiscoveryClient.java} {1056}] - The response status is 200
[INFO ] 2019-06-24 00:00:11 [Thread-21] o.s.c.n.e.s.EurekaServiceRegistry [{EurekaServiceRegistry.java} {65}] - Unregistering application AUTH-CLIENT with eureka with status DOWN
[INFO ] 2019-06-24 00:00:11 [DiscoveryClient-InstanceInfoReplicator-0] c.netflix.discovery.DiscoveryClient [{DiscoveryClient.java} {826}] - DiscoveryClient_AUTH-CLIENT/192.168.0.102:auth-client:8030: registering service...
[INFO ] 2019-06-24 00:00:11 [Thread-21] o.s.s.c.ThreadPoolTaskScheduler [{ExecutorConfigurationSupport.java} {208}] - Shutting down ExecutorService 'taskScheduler'
[INFO ] 2019-06-24 00:00:11 [Thread-21] o.s.s.c.ThreadPoolTaskExecutor [{ExecutorConfigurationSupport.java} {208}] - Shutting down ExecutorService 'applicationTaskExecutor'
[INFO ] 2019-06-24 00:00:11 [Thread-21] c.n.c.sources.URLConfigurationSource [{URLConfigurationSource.java} {122}] - To enable URLs as dynamic configuration sources, define System property archaius.configurationSource.additionalUrls or make config.properties available on classpath.
[INFO ] 2019-06-24 00:00:11 [Thread-21] o.s.o.j.LocalContainerEntityManagerFactoryBean [{AbstractEntityManagerFactoryBean.java} {597}] - Closing JPA EntityManagerFactory for persistence unit 'default'
[INFO ] 2019-06-24 00:00:11 [Thread-21] c.netflix.discovery.DiscoveryClient [{DiscoveryClient.java} {888}] - Shutting down DiscoveryClient ...
[INFO ] 2019-06-24 00:00:11 [Thread-21] c.netflix.discovery.DiscoveryClient [{DiscoveryClient.java} {922}] - Unregistering ...
[INFO ] 2019-06-24 00:00:11 [Thread-21] c.netflix.discovery.DiscoveryClient [{DiscoveryClient.java} {911}] - Completed shut down of DiscoveryClient
[INFO ] 2019-06-24 00:00:11 [Thread-21] com.zaxxer.hikari.HikariDataSource [{HikariDataSource.java} {350}] - HikariPool-1 - Shutdown initiated...
[INFO ] 2019-06-24 00:00:11 [Thread-21] com.zaxxer.hikari.HikariDataSource [{HikariDataSource.java} {352}] - HikariPool-1 - Shutdown completed.
